<?xml version="1.0" encoding="UTF-8"?>
<!-- Generated by org.testng.reporters.JUnitReportReporter -->
<testsuite hostname="HARSHITA" failures="0" tests="1" name="fluentWaitDemo.FluentWaitDemo" time="15.855" errors="0" timestamp="20 Aug 2018 01:11:12 GMT" skipped="0">
  <testcase classname="fluentWaitDemo.FluentWaitDemo" name="FluentWait_Demo" time="15.855"/>
</testsuite> <!-- fluentWaitDemo.FluentWaitDemo -->
